12-Oct-2023 12:13:19.458 INFO [main] org.apache.catalina.core.ApplicationContext.log ContextListener: contextInitialized()
12-Oct-2023 12:13:19.458 INFO [main] org.apache.catalina.core.ApplicationContext.log SessionListener: contextInitialized()
12-Oct-2023 12:13:19.460 INFO [main] org.apache.catalina.core.ApplicationContext.log ContextListener: attributeAdded('StockTicker', 'async.Stockticker@2289aca5')
12-Oct-2023 13:11:54.309 INFO [main] org.apache.catalina.core.ApplicationContext.log ContextListener: contextInitialized()
12-Oct-2023 13:11:54.309 INFO [main] org.apache.catalina.core.ApplicationContext.log SessionListener: contextInitialized()
12-Oct-2023 13:11:54.310 INFO [main] org.apache.catalina.core.ApplicationContext.log ContextListener: attributeAdded('StockTicker', 'async.Stockticker@55b5f5d2')
12-Oct-2023 13:11:54.437 INFO [main] org.apache.catalina.core.ApplicationContext.log SessionListener: contextDestroyed()
12-Oct-2023 13:11:54.437 INFO [main] org.apache.catalina.core.ApplicationContext.log ContextListener: contextDestroyed()
12-Oct-2023 14:50:23.748 INFO [main] org.apache.catalina.core.ApplicationContext.log ContextListener: contextInitialized()
12-Oct-2023 14:50:23.748 INFO [main] org.apache.catalina.core.ApplicationContext.log SessionListener: contextInitialized()
12-Oct-2023 14:50:23.749 INFO [main] org.apache.catalina.core.ApplicationContext.log ContextListener: attributeAdded('StockTicker', 'async.Stockticker@4fcee388')
12-Oct-2023 16:21:10.498 INFO [main] org.apache.catalina.core.ApplicationContext.log ContextListener: contextInitialized()
12-Oct-2023 16:21:10.498 INFO [main] org.apache.catalina.core.ApplicationContext.log SessionListener: contextInitialized()
12-Oct-2023 16:21:10.499 INFO [main] org.apache.catalina.core.ApplicationContext.log ContextListener: attributeAdded('StockTicker', 'async.Stockticker@4215838f')
12-Oct-2023 16:21:10.537 INFO [main] org.apache.catalina.core.ApplicationContext.log SessionListener: contextDestroyed()
12-Oct-2023 16:21:10.537 INFO [main] org.apache.catalina.core.ApplicationContext.log ContextListener: contextDestroyed()
12-Oct-2023 16:22:49.159 INFO [main] org.apache.catalina.core.ApplicationContext.log ContextListener: contextInitialized()
12-Oct-2023 16:22:49.159 INFO [main] org.apache.catalina.core.ApplicationContext.log SessionListener: contextInitialized()
12-Oct-2023 16:22:49.161 INFO [main] org.apache.catalina.core.ApplicationContext.log ContextListener: attributeAdded('StockTicker', 'async.Stockticker@5241cf67')
12-Oct-2023 16:22:49.184 INFO [main] org.apache.catalina.core.ApplicationContext.log SessionListener: contextDestroyed()
12-Oct-2023 16:22:49.184 INFO [main] org.apache.catalina.core.ApplicationContext.log ContextListener: contextDestroyed()
12-Oct-2023 16:24:08.377 INFO [main] org.apache.catalina.core.ApplicationContext.log ContextListener: contextInitialized()
12-Oct-2023 16:24:08.377 INFO [main] org.apache.catalina.core.ApplicationContext.log SessionListener: contextInitialized()
12-Oct-2023 16:24:08.378 INFO [main] org.apache.catalina.core.ApplicationContext.log ContextListener: attributeAdded('StockTicker', 'async.Stockticker@fd0e5b6')
12-Oct-2023 16:24:08.427 INFO [main] org.apache.catalina.core.ApplicationContext.log SessionListener: contextDestroyed()
12-Oct-2023 16:24:08.427 INFO [main] org.apache.catalina.core.ApplicationContext.log ContextListener: contextDestroyed()
12-Oct-2023 16:26:03.348 INFO [main] org.apache.catalina.core.ApplicationContext.log ContextListener: contextInitialized()
12-Oct-2023 16:26:03.348 INFO [main] org.apache.catalina.core.ApplicationContext.log SessionListener: contextInitialized()
12-Oct-2023 16:26:03.349 INFO [main] org.apache.catalina.core.ApplicationContext.log ContextListener: attributeAdded('StockTicker', 'async.Stockticker@5f2f577')
12-Oct-2023 16:26:03.406 INFO [main] org.apache.catalina.core.ApplicationContext.log SessionListener: contextDestroyed()
12-Oct-2023 16:26:03.406 INFO [main] org.apache.catalina.core.ApplicationContext.log ContextListener: contextDestroyed()
